make all --print-data-base --no-builtin-variables --no-builtin-rules --question
# GNU Make 4.1
 
# Built for x86_64-pc-linux-gnu
 
# Copyright (C) 1988-2014 Free Software Foundation, Inc.
 
# License GPLv3+: GNU GPL version 3 or later <http://gnu.org/licenses/gpl.html>
 
# This is free software: you are free to change and redistribute it.
 
# There is NO WARRANTY, to the extent permitted by law.
 

 
# Make data base, printed on Wed Oct 20 00:55:20 2021
 

# Variables
 

 
# automatic
 
<D = $(patsubst %/,%,$(dir $<))
 
# automatic
 
?F = $(notdir $?)
 
# environment
 
DESKTOP_SESSION = Lubuntu
 
# default
 
.SHELLFLAGS := -c
 
# environment
 
XDG_SESSION_TYPE = x11
 
# automatic
 
?D = $(patsubst %/,%,$(dir $?))
 
# automatic
 
@D = $(patsubst %/,%,$(dir $@))
 
# environment
 
XAUTHORITY = /home/caspl202/.Xauthority
 
# environment
 
GDMSESSION = Lubuntu
 
# default
 
MAKE_VERSION := 4.1
# makefile
CURDIR := /home/caspl202/Desktop/lab1
# makefile
SHELL = /bin/sh
# environment
GDM_LANG = en_US
# environment
VSCODE_NLS_CONFIG = {"locale":"en-us","availableLanguages":{},"_languagePackSupport":true}
# environment
_ = /usr/share/code/code
# environment
XDG_CONFIG_DIRS = /etc/xdg/lubuntu:/etc/xdg/xdg-Lubuntu:/etc/xdg
# environment
GTK_OVERLAY_SCROLLING = 0
# makefile (from 'makefile', line 1)
MAKEFILE_LIST :=  makefile
# automatic
@F = $(notdir $@)
# environment
IM_CONFIG_PHASE = 2
# 'override' directive
GNUMAKEFLAGS := 
# environment
XDG_DATA_DIRS = /etc/xdg/lubuntu:/usr/local/share:/usr/share:/usr/share/gdm:/var/lib/menu-xdg:/usr/share/Lubuntu:/usr/local/share/:/usr/share/
# environment
DBUS_SESSION_BUS_ADDRESS = unix:path=/run/user/1000/bus
# environment
VSCODE_LOGS = /home/caspl202/.config/Code/logs/20211020T002356
# environment
LESSOPEN = | /usr/bin/lesspipe %s
# environment
QT_STYLE_OVERRIDE = gtk
# environment
XDG_SESSION_PATH = /org/freedesktop/DisplayManager/Session0
# default
MAKE_HOST := x86_64-pc-linux-gnu
# environment
PATH = /usr/local/sbin:/usr/local/bin:/usr/sbin:/usr/bin:/sbin:/bin:/usr/games:/usr/local/games
# environment
_LXSESSION_PID = 663
# environment
GPG_AGENT_INFO = /run/user/1000/gnupg/S.gpg-agent:0:1
# environment
XDG_RUNTIME_DIR = /run/user/1000
# environment
TEXTDOMAIN = im-config
# environment
XDG_MENU_PREFIX = lxde-
# environment
VSCODE_LOG_STACK = false
# environment
ELECTRON_RUN_AS_NODE = 1
# default
.FEATURES := target-specific order-only second-expansion else-if shortest-stem undefine oneshell archives jobserver output-sync check-symlink load
# environment
XDG_GREETER_DATA_DIR = /var/lib/lightdm-data/caspl202
# environment
LS_COLORS = 
# environment
XDG_SESSION_DESKTOP = Lubuntu
# environment
SSH_AUTH_SOCK = /tmp/ssh-x4XlLBdSWe7K/agent.663
# automatic
%F = $(notdir $%)
# environment
DISPLAY = :0.0
# environment
PWD = /home/caspl202/Desktop/lab1
# environment
QT_QPA_PLATFORMTHEME = lxqt
# environment
XDG_SEAT = seat0
# environment
SSH_AGENT_PID = 755
# environment
HOME = /home/caspl202
# environment
LESSCLOSE = /usr/bin/lesspipe %s %s
# environment
LOGNAME = caspl202
# environment
APPLICATION_INSIGHTS_NO_DIAGNOSTIC_CHANNEL = true
# environment
VSCODE_HANDLES_UNCAUGHT_ERRORS = true
# automatic
^D = $(patsubst %/,%,$(dir $^))
# environment
XDG_VTNR = 7
# environment
MAKELEVEL := 0
# environment
VERBOSE_LOGGING = true
# default
MAKE = $(MAKE_COMMAND)
# default
MAKECMDGOALS := all
# environment
SHLVL = 1
# environment
VSCODE_IPC_HOOK_EXTHOST = /tmp/vscode-ipc-7695ac71-d618-4a4e-b1d7-7ef0a6878987.sock
# environment
XDG_SESSION_ID = c1
# environment
AMD_ENTRYPOINT = vs/workbench/services/extensions/node/extensionHostProcess
# environment
USER = caspl202
# makefile
.DEFAULT_GOAL := all
# environment
XDG_CURRENT_DESKTOP = LXDE
# environment
PIPE_LOGGING = true
# automatic
%D = $(patsubst %/,%,$(dir $%))
# default
MAKE_COMMAND := make
# environment
VSCODE_NODE_CACHED_DATA_DIR = /home/caspl202/.config/Code/CachedData/78a4c91400152c0f27ba4d363eb56d2835f9903a
# default
.VARIABLES := 
# automatic
*F = $(notdir $*)
# environment
LANGUAGE = en_US
# environment
XDG_SEAT_PATH = /org/freedesktop/DisplayManager/Seat0
# environment
VSCODE_IPC_HOOK = /run/user/1000/vscode-c9d35a81-1.43.0-main.sock
# makefile
MAKEFLAGS = pqrR
# environment
MFLAGS = -pqrR
# automatic
*D = $(patsubst %/,%,$(dir $*))
# automatic
+D = $(patsubst %/,%,$(dir $+))
# environment
QT_PLATFORM_PLUGIN = lxqt
# automatic
+F = $(notdir $+)
# environment
NO_AT_BRIDGE = 1
# environment
TEXTDOMAINDIR = /usr/share/locale/
# default
MAKEFILES := 
# automatic
<F = $(notdir $<)
# environment
XDG_CONFIG_HOME = /home/caspl202/.config
# environment
LC_ALL = C
# automatic
^F = $(notdir $^)
# default
SUFFIXES := 
# environment
CHROME_DESKTOP = code-url-handler.desktop
# default
.INCLUDE_DIRS = /usr/include /usr/local/include /usr/include
# default
.RECIPEPREFIX := 
# environment
LANG = C
# environment
VSCODE_PID = 1299
# variable set hash-table stats:
# Load=93/1024=9%, Rehash=0, Collisions=10/121=8%

# Pattern-specific Variable Values

# No pattern-specific variable values.

# Directories

# . (device 2049, inode 1200182): 9 files, no impossibilities.

# 9 files, no impossibilities in 1 directories.

# Implicit Rules

# No implicit rules.

# Files

all: exec
#  Command line target.
#  Implicit rule search has been done.
#  File does not exist.
#  File has been updated.
#  Needs to be updated (-q is set).
# variable set hash-table stats:
# Load=0/32=0%, Rehash=0, Collisions=0/3=0%

.PHONY: clean
#  Implicit rule search has not been done.
#  Modification time never checked.
#  File has not been updated.

# Not a target:
main.c:
#  Implicit rule search has been done.
#  Last modified 2020-03-14 18:39:51.431003115
#  File has been updated.
#  Successfully updated.

# Not a target:
.SUFFIXES:
#  Implicit rule search has not been done.
#  Modification time never checked.
#  File has not been updated.

asm-lib: add.s
#  Implicit rule search has not been done.
#  Implicit/static pattern stem: ''
#  File does not exist.
#  File has been updated.
#  Needs to be updated (-q is set).
# automatic
# @ := asm-lib
# automatic
# % := 
# automatic
# * := 
# automatic
# + := add.s
# automatic
# | := 
# automatic
# < := add.s
# automatic
# ^ := add.s
# automatic
# ? := add.s
# variable set hash-table stats:
# Load=8/32=25%, Rehash=0, Collisions=1/11=9%
#  recipe to execute (from 'makefile', line 6):
	# flags meanings:
	# -g = debug symbolx
	# -f elf = output format (ELF 32 bit)
	# -o add.o = write assembled file to add.o
	nasm -g -f elf -o add.o add.s

libs: asm-lib c-lib
#  Implicit rule search has been done.
#  File does not exist.
#  File has been updated.
#  Needs to be updated (-q is set).
# variable set hash-table stats:
# Load=0/32=0%, Rehash=0, Collisions=0/3=0%

# Not a target:
makefile:
#  Implicit rule search has been done.
#  Last modified 2021-10-20 00:41:37.183806537
#  File has been updated.
#  Successfully updated.

c-lib: numbers.c
#  Implicit rule search has not been done.
#  Modification time never checked.
#  File has not been updated.
#  recipe to execute (from 'makefile', line 13):
	# flags meanings:
	# -g = debug symbols
	# -m32 = compile to x86_32 architecture (32bit)
	# -c = Don't link (i.e., create an object file, not an executable)
	# -o numbers.o = output compiled file to numbers.o
	gcc -g -m32 -c -o numbers.o numbers.c

# Not a target:
add.s:
#  Implicit rule search has been done.
#  Last modified 2020-03-14 18:39:43.66297863
#  File has been updated.
#  Successfully updated.

# Not a target:
 
.DEFAULT:
 
#  Implicit rule search has not been done.
 
#  Modification time never checked.
#  File has not been updated.

# Not a target:
numbers.c:
#  Implicit rule search has not been done.
#  Modification time never checked.
#  File has not been updated.

clean:
#  Phony target (prerequisite of .PHONY).
#  Implicit rule search has not been done.
#  File does not exist.
#  File has not been updated.
#  recipe to execute (from 'makefile', line 27):
	rm -rf ./*.o main

exec: main.c libs
#  Implicit rule search has not been done.
#  File does not exist.
#  File has been updated.
#  Needs to be updated (-q is set).
# variable set hash-table stats:
# Load=0/32=0%, Rehash=0, Collisions=0/3=0%
#  recipe to execute (from 'makefile', line 21):
	gcc -g -m32 -c -o main.o main.c
	gcc -g -m32  main.o add.o numbers.o -o main
	rm main.o add.o numbers.o

# files hash-table stats:
# Load=13/1024=1%, Rehash=0, Collisions=0/37=0%
# VPATH Search Paths

# No 'vpath' search paths.

# No general ('VPATH' variable) search path.

# strcache buffers: 1 (0) / strings = 20 / storage = 150 B / avg = 7 B
# current buf: size = 8162 B / used = 150 B / count = 20 / avg = 7 B

# strcache performance: lookups = 41 / hit rate = 51%
# hash-table stats:
# Load=20/8192=0%, Rehash=0, Collisions=1/41=2%
# Finished Make data base on Wed Oct 20 00:55:20 2021

 
